2014-11-19 04:06:45,231 [Worker-54] ERROR o.e.m.i.l.MavenConsoleLineTracker - Launch configuration Dali EclipseLink Table Generation at file:/E:/Eclipse/workspace/project/.metadata/.plugins/org.eclipse.debug.core/.launches/Dali%20EclipseLink%20Table%20Generation.launch does not exist.
org.eclipse.debug.core.DebugException: Launch configuration Dali EclipseLink Table Generation at file:/E:/Eclipse/workspace/project/.metadata/.plugins/org.eclipse.debug.core/.launches/Dali%20EclipseLink%20Table%20Generation.launch does not exist.
	at org.eclipse.debug.internal.core.LaunchManager.createDebugException(LaunchManager.java:926) ~[org.eclipse.debug.core_3.9.1.v20140805-1629.jar:na]
	at org.eclipse.debug.internal.core.LaunchManager.getInfo(LaunchManager.java:1396) ~[org.eclipse.debug.core_3.9.1.v20140805-1629.jar:na]
	at org.eclipse.debug.internal.core.LaunchConfiguration.getInfo(LaunchConfiguration.java:470) ~[org.eclipse.debug.core_3.9.1.v20140805-1629.jar:na]
	at org.eclipse.debug.internal.core.LaunchConfiguration.getType(LaunchConfiguration.java:640) ~[org.eclipse.debug.core_3.9.1.v20140805-1629.jar:na]
	at org.eclipse.m2e.internal.launch.MavenConsoleLineTracker.isMavenProcess(MavenConsoleLineTracker.java:142) [org.eclipse.m2e.launching_1.5.0.20140606-0033.jar:na]
	at org.eclipse.m2e.internal.launch.MavenConsoleLineTracker.lineAppended(MavenConsoleLineTracker.java:85) [org.eclipse.m2e.launching_1.5.0.20140606-0033.jar:na]
	at org.eclipse.debug.internal.ui.views.console.ConsoleLineNotifier.lineAppended(ConsoleLineNotifier.java:130) [org.eclipse.debug.ui_3.10.1.v20140822-1408.jar:na]
	at org.eclipse.debug.internal.ui.views.console.ConsoleLineNotifier.matchFound(ConsoleLineNotifier.java:122) [org.eclipse.debug.ui_3.10.1.v20140822-1408.jar:na]
	at org.eclipse.ui.internal.console.ConsolePatternMatcher$MatchJob.run(ConsolePatternMatcher.java:137) [org.eclipse.ui.console_3.5.300.v20140424-1437.jar:na]
	at org.eclipse.core.internal.jobs.Worker.run(Worker.java:54) [org.eclipse.core.jobs_3.6.0.v20140424-0053.jar:na]
2014-12-07 03:09:56,459 [Worker-12] ERROR o.e.m.i.l.MavenConsoleLineTracker - Launch configuration Dali EclipseLink Table Generation at file:/E:/Eclipse/workspace/project/.metadata/.plugins/org.eclipse.debug.core/.launches/Dali%20EclipseLink%20Table%20Generation.launch does not exist.
org.eclipse.debug.core.DebugException: Launch configuration Dali EclipseLink Table Generation at file:/E:/Eclipse/workspace/project/.metadata/.plugins/org.eclipse.debug.core/.launches/Dali%20EclipseLink%20Table%20Generation.launch does not exist.
	at org.eclipse.debug.internal.core.LaunchManager.createDebugException(LaunchManager.java:926) ~[org.eclipse.debug.core_3.9.1.v20140805-1629.jar:na]
	at org.eclipse.debug.internal.core.LaunchManager.getInfo(LaunchManager.java:1396) ~[org.eclipse.debug.core_3.9.1.v20140805-1629.jar:na]
	at org.eclipse.debug.internal.core.LaunchConfiguration.getInfo(LaunchConfiguration.java:470) ~[org.eclipse.debug.core_3.9.1.v20140805-1629.jar:na]
	at org.eclipse.debug.internal.core.LaunchConfiguration.getType(LaunchConfiguration.java:640) ~[org.eclipse.debug.core_3.9.1.v20140805-1629.jar:na]
	at org.eclipse.m2e.internal.launch.MavenConsoleLineTracker.isMavenProcess(MavenConsoleLineTracker.java:142) [org.eclipse.m2e.launching_1.5.0.20140606-0033.jar:na]
	at org.eclipse.m2e.internal.launch.MavenConsoleLineTracker.lineAppended(MavenConsoleLineTracker.java:85) [org.eclipse.m2e.launching_1.5.0.20140606-0033.jar:na]
	at org.eclipse.debug.internal.ui.views.console.ConsoleLineNotifier.lineAppended(ConsoleLineNotifier.java:130) [org.eclipse.debug.ui_3.10.1.v20140822-1408.jar:na]
	at org.eclipse.debug.internal.ui.views.console.ConsoleLineNotifier.matchFound(ConsoleLineNotifier.java:122) [org.eclipse.debug.ui_3.10.1.v20140822-1408.jar:na]
	at org.eclipse.ui.internal.console.ConsolePatternMatcher$MatchJob.run(ConsolePatternMatcher.java:137) [org.eclipse.ui.console_3.5.300.v20140424-1437.jar:na]
	at org.eclipse.core.internal.jobs.Worker.run(Worker.java:54) [org.eclipse.core.jobs_3.6.0.v20140424-0053.jar:na]
